FlashPro
Version: 11.8.0.26
Release: v11.8

Software Version: 11.8.0.26
PDB file
'E:\repos\ECEN5863_projects\POT_Uart\Voltage_Monitor\Voltage_Monitor\designer\impl1\Voltage_Mon\
itor_fp\Voltage_Monitor.pdb' has been loaded successfully.
DESIGN : ;  CHECKSUM : 0000;  PDB_VERSION : 1.9
Driver : 3.0.0 build 1
programmer '79947' : FlashPro3
Opened
'E:\repos\ECEN5863_projects\POT_Uart\Voltage_Monitor\Voltage_Monitor\designer\impl1\Voltage_Mon\
itor_fp\Voltage_Monitor.pro'
The 'open_project' command succeeded.
The 'set_programming_file' command succeeded.
The 'set_device_type' command succeeded.
The 'set_device_package' command succeeded.
Info: Adding Flash Memory data from file
      E:\repos\ECEN5863_projects\POT_Uart\Voltage_Monitor\Voltage_Monitor\component\work\Voltag\
      e_Monitor_MSS\MSS_ENVM_0\MSS_ENVM_0.efc.
PDB file
'E:\repos\ECEN5863_projects\POT_Uart\Voltage_Monitor\Voltage_Monitor\designer\impl1\Voltage_Mon\
itor_fp\Voltage_Monitor.pdb' has been loaded successfully.
DESIGN : ;  CHECKSUM : 0000;  PDB_VERSION : 1.9
The 'update_programming_file' command succeeded.
The 'set_programming_action' command succeeded.
programmer '79947' : Scan Chain...
Warning: programmer '79947' : Vpump has been selected on programmer AND an externally provided
         Vpump has also been detected. Using externally provided Vpump voltage source.
programmer '79947' : Scan Chain PASSED.
programmer '79947' : Executing action PROGRAM
programmer '79947' : EXPORT FSN[48] = 014b3e609480
programmer '79947' : Program System Init and Boot Clients...
programmer '79947' : Verify System Init and Boot Clients...
programmer '79947' : Finished: Wed Oct 28 17:33:12 2020 (Elapsed time 00:00:01)
programmer '79947' : Executing action PROGRAM PASSED.

                        o - o - o - o - o - o

The 'run_selected_actions' command succeeded.
Project saved.
The 'save_project' command succeeded.
Project closed.
