Flow report for hello_world_lab_top
Wed Sep 30 20:56:07 2020
Quartus Prime Version 16.1.0 Build 196 10/24/2016 SJ Lite Edition


---------------------
; Table of Contents ;
---------------------
  1. Legal Notice
  2. Flow Summary
  3. Flow Settings
  4. Flow Non-Default Global Settings
  5. Flow Elapsed Time
  6. Flow OS Summary
  7. Flow Log
  8. Flow Messages
  9. Flow Suppressed Messages



----------------
; Legal Notice ;
----------------
Copyright (C) 2016  Intel Corporation. All rights reserved.
Your use of Intel Corporation's design tools, logic functions 
and other software and tools, and its AMPP partner logic 
functions, and any output files from any of the foregoing 
(including device programming or simulation files), and any 
associated documentation or information are expressly subject 
to the terms and conditions of the Intel Program License 
Subscription Agreement, the Intel Quartus Prime License Agreement,
the Intel MegaCore Function License Agreement, or other 
applicable license agreement, including, without limitation, 
that your use is for the sole purpose of programming logic 
devices manufactured by Intel and sold by Intel or its 
authorized distributors.  Please refer to the applicable 
agreement for further details.



+----------------------------------------------------------------------------------+
; Flow Summary                                                                     ;
+------------------------------------+---------------------------------------------+
; Flow Status                        ; Successful - Wed Sep 30 20:55:59 2020       ;
; Quartus Prime Version              ; 16.1.0 Build 196 10/24/2016 SJ Lite Edition ;
; Revision Name                      ; hello_world_lab_top                         ;
; Top-level Entity Name              ; hello_world                                 ;
; Family                             ; MAX 10                                      ;
; Device                             ; 10M50DAF484C6GES                            ;
; Timing Models                      ; Preliminary                                 ;
; Total logic elements               ; 1,622 / 49,760 ( 3 % )                      ;
;     Total combinational functions  ; 1,510 / 49,760 ( 3 % )                      ;
;     Dedicated logic registers      ; 877 / 49,760 ( 2 % )                        ;
; Total registers                    ; 877                                         ;
; Total pins                         ; 5 / 360 ( 1 % )                             ;
; Total virtual pins                 ; 0                                           ;
; Total memory bits                  ; 142,336 / 1,677,312 ( 8 % )                 ;
; Embedded Multiplier 9-bit elements ; 0 / 288 ( 0 % )                             ;
; Total PLLs                         ; 0 / 4 ( 0 % )                               ;
; UFM blocks                         ; 0 / 1 ( 0 % )                               ;
; ADC blocks                         ; 0 / 2 ( 0 % )                               ;
+------------------------------------+---------------------------------------------+


+-----------------------------------------+
; Flow Settings                           ;
+-------------------+---------------------+
; Option            ; Setting             ;
+-------------------+---------------------+
; Start date & time ; 09/30/2020 20:53:46 ;
; Main task         ; Compilation         ;
; Revision Name     ; hello_world_lab_top ;
+-------------------+---------------------+


+----------------------------------------------------------------------------------------------------------------------------------------------------------+
; Flow Non-Default Global Settings                                                                                                                         ;
+-------------------------------------+-----------------------------------------------------------------+---------------------+---------------+------------+
; Assignment Name                     ; Value                                                           ; Default Value       ; Entity Name   ; Section Id ;
+-------------------------------------+-----------------------------------------------------------------+---------------------+---------------+------------+
; COMPILER_SIGNATURE_ID               ; 963354558947.160152082619028                                    ; --                  ; --            ; --         ;
; MAX_CORE_JUNCTION_TEMP              ; 85                                                              ; --                  ; --            ; --         ;
; MIN_CORE_JUNCTION_TEMP              ; 0                                                               ; --                  ; --            ; --         ;
; MISC_FILE                           ; nios_setup_v2/synthesis/../nios_setup_v2.cmp                    ; --                  ; --            ; --         ;
; MISC_FILE                           ; nios_setup_v2/synthesis/../../nios_setup_v2.qsys                ; --                  ; --            ; --         ;
; PARTITION_COLOR                     ; -- (Not supported for targeted family)                          ; --                  ; hello_world   ; Top        ;
; PARTITION_FITTER_PRESERVATION_LEVEL ; -- (Not supported for targeted family)                          ; --                  ; hello_world   ; Top        ;
; PARTITION_NETLIST_TYPE              ; -- (Not supported for targeted family)                          ; --                  ; hello_world   ; Top        ;
; POWER_BOARD_THERMAL_MODEL           ; None (CONSERVATIVE)                                             ; --                  ; --            ; --         ;
; POWER_PRESET_COOLING_SOLUTION       ; 23 MM HEAT SINK WITH 200 LFPM AIRFLOW                           ; --                  ; --            ; --         ;
; PROJECT_OUTPUT_DIRECTORY            ; output_files                                                    ; --                  ; --            ; --         ;
; SLD_FILE                            ; nios_setup_v2/synthesis/nios_setup_v2.regmap                    ; --                  ; --            ; --         ;
; SLD_FILE                            ; nios_setup_v2/synthesis/nios_setup_v2.debuginfo                 ; --                  ; --            ; --         ;
; SLD_INFO                            ; QSYS_NAME nios_setup_v2 HAS_SOPCINFO 1 GENERATION_ID 1601340127 ; --                  ; nios_setup_v2 ; --         ;
; SOPCINFO_FILE                       ; nios_setup_v2/synthesis/../../nios_setup_v2.sopcinfo            ; --                  ; --            ; --         ;
; SYNTHESIS_ONLY_QIP                  ; On                                                              ; --                  ; --            ; --         ;
; TOP_LEVEL_ENTITY                    ; hello_world                                                     ; hello_world_lab_top ; --            ; --         ;
+-------------------------------------+-----------------------------------------------------------------+---------------------+---------------+------------+


+-------------------------------------------------------------------------------------------------------------------------------+
; Flow Elapsed Time                                                                                                             ;
+---------------------------+--------------+-------------------------+---------------------+------------------------------------+
; Module Name               ; Elapsed Time ; Average Processors Used ; Peak Virtual Memory ; Total CPU Time (on all processors) ;
+---------------------------+--------------+-------------------------+---------------------+------------------------------------+
; Analysis & Synthesis      ; 00:01:10     ; 1.0                     ; 4888 MB             ; 00:01:31                           ;
; Fitter                    ; 00:00:28     ; 1.2                     ; 5725 MB             ; 00:00:33                           ;
; Assembler                 ; 00:00:06     ; 1.0                     ; 4696 MB             ; 00:00:06                           ;
; TimeQuest Timing Analyzer ; 00:00:06     ; 1.7                     ; 4839 MB             ; 00:00:09                           ;
; Total                     ; 00:01:50     ; --                      ; --                  ; 00:02:19                           ;
+---------------------------+--------------+-------------------------+---------------------+------------------------------------+


+-----------------------------------------------------------------------------------------+
; Flow OS Summary                                                                         ;
+---------------------------+------------------+------------+------------+----------------+
; Module Name               ; Machine Hostname ; OS Name    ; OS Version ; Processor type ;
+---------------------------+------------------+------------+------------+----------------+
; Analysis & Synthesis      ; BPC              ; Windows 10 ; 10.0       ; x86_64         ;
; Fitter                    ; BPC              ; Windows 10 ; 10.0       ; x86_64         ;
; Assembler                 ; BPC              ; Windows 10 ; 10.0       ; x86_64         ;
; TimeQuest Timing Analyzer ; BPC              ; Windows 10 ; 10.0       ; x86_64         ;
+---------------------------+------------------+------------+------------+----------------+


------------
; Flow Log ;
------------
quartus_map --read_settings_files=on --write_settings_files=off hello_world_lab -c hello_world_lab_top
quartus_fit --read_settings_files=off --write_settings_files=off hello_world_lab -c hello_world_lab_top
quartus_asm --read_settings_files=off --write_settings_files=off hello_world_lab -c hello_world_lab_top
quartus_sta hello_world_lab -c hello_world_lab_top



