
Starting:    E:\Microsemi\SynplifyPro\bin64\mbin\synbatch.exe
Install:     E:\Microsemi\SynplifyPro
Hostname:    BPC
Date:        Thu Oct 29 06:48:08 2020
Version:     L-2016.09M-2

Arguments:   -product synplify_pro -licensetype synplifypro_actel -batch -log synplify.log Voltage_Monitor_syn.tcl
ProductType: synplify_pro

License checkout: synplifypro_actel
License: synplifypro_actel node-locked 
Licensed Vendor: actel
License Option: actel_oem

Running in Vendor Mode


auto_infer_blackbox is not supported in current product.

log file: "E:\repos\ECEN5863_projects\POT_Uart\Voltage_Monitor\Voltage_Monitor\synthesis\Voltage_Monitor.srr"

Running: synthesis in foreground



Running Voltage_Monitor_syn|synthesis


Running: compile (Compile) on Voltage_Monitor_syn|synthesis
# Thu Oct 29 06:48:08 2020


Running: compile_flow (Compile Process) on Voltage_Monitor_syn|synthesis
# Thu Oct 29 06:48:08 2020


Running: compiler (Compile Input) on Voltage_Monitor_syn|synthesis
# Thu Oct 29 06:48:08 2020

Copied E:\repos\ECEN5863_projects\POT_Uart\Voltage_Monitor\Voltage_Monitor\synthesis\synwork\Voltage_Monitor_comp.srs to E:\repos\ECEN5863_projects\POT_Uart\Voltage_Monitor\Voltage_Monitor\synthesis\Voltage_Monitor.srs


compiler completed
# Thu Oct 29 06:48:10 2020

Return Code: 0
Run Time:00h:00m:02s


Running: multi_srs_gen (Multi-srs Generator) on Voltage_Monitor_syn|synthesis
# Thu Oct 29 06:48:10 2020


multi_srs_gen completed
# Thu Oct 29 06:48:11 2020

Return Code: 0
Run Time:00h:00m:01s

Copied E:\repos\ECEN5863_projects\POT_Uart\Voltage_Monitor\Voltage_Monitor\synthesis\synwork\Voltage_Monitor_mult.srs to E:\repos\ECEN5863_projects\POT_Uart\Voltage_Monitor\Voltage_Monitor\synthesis\Voltage_Monitor.srs

Complete: Compile Process on Voltage_Monitor_syn|synthesis


Running: premap (Pre-mapping) on Voltage_Monitor_syn|synthesis
# Thu Oct 29 06:48:11 2020


premap completed
# Thu Oct 29 06:48:12 2020

Return Code: 0
Run Time:00h:00m:01s

Complete: Compile on Voltage_Monitor_syn|synthesis


Running: map (Map) on Voltage_Monitor_syn|synthesis
# Thu Oct 29 06:48:12 2020

License granted for 4 parallel jobs


Running: fpga_mapper (Map & Optimize) on Voltage_Monitor_syn|synthesis
# Thu Oct 29 06:48:12 2020

Copied E:\repos\ECEN5863_projects\POT_Uart\Voltage_Monitor\Voltage_Monitor\synthesis\synwork\Voltage_Monitor_m.srm to E:\repos\ECEN5863_projects\POT_Uart\Voltage_Monitor\Voltage_Monitor\synthesis\Voltage_Monitor.srm


fpga_mapper completed
# Thu Oct 29 06:48:12 2020

Return Code: 0
Run Time:00h:00m:00s

Complete: Map on Voltage_Monitor_syn|synthesis

Complete: Logic Synthesis on Voltage_Monitor_syn|synthesis

TCL script complete: "Voltage_Monitor_syn.tcl"

exit status=0

exit status=0

License checkin: synplifypro_actel

