Microsemi Libero Software
Version: 11.8.0.26
Release: v11.8

Info: The design
      E:/repos/ECEN5863_projects/POT_Uart/Voltage_Monitor/Voltage_Monitor/designer/impl1/Voltag\
      e_Monitor.adb was last modified by software version 11.8.0.26.
Opened an existing Libero design
E:/repos/ECEN5863_projects/POT_Uart/Voltage_Monitor/Voltage_Monitor/designer/impl1/Voltage_Moni\
tor.adb.

The Export-map command succeeded ( 00:00:11 )
CHECKSUM: 7226
Wrote to the file:
E:\repos\ECEN5863_projects\POT_Uart\Voltage_Monitor\Voltage_Monitor\designer\impl1\Voltage_Moni\
tor.fdb

The Export command succeeded ( 00:00:13 )
Design saved to file
E:/repos/ECEN5863_projects/POT_Uart/Voltage_Monitor/Voltage_Monitor/designer/impl1/Voltage_Moni\
tor.adb.

The Execute Script command succeeded ( 00:00:31 )
Design closed.

